Determining if the pthread_create exist failed with the following output:
Change Dir: /home/gogo/rendu/cpp_spider/server/CMakeFiles/CMakeTmp

Run Build Command:"/usr/bin/make" "cmTC_e16e1/fast"
/usr/bin/make -f CMakeFiles/cmTC_e16e1.dir/build.make CMakeFiles/cmTC_e16e1.dir/build
make[1]: Entering directory '/home/gogo/rendu/cpp_spider/server/CMakeFiles/CMakeTmp'
Building C object CMakeFiles/cmTC_e16e1.dir/CheckSymbolExists.c.o
/usr/bin/cc    -o CMakeFiles/cmTC_e16e1.dir/CheckSymbolExists.c.o   -c /home/gogo/rendu/cpp_spider/server/CMakeFiles/CMakeTmp/CheckSymbolExists.c
Linking C executable cmTC_e16e1
/usr/local/bin/cmake -E cmake_link_script CMakeFiles/cmTC_e16e1.dir/link.txt --verbose=1
/usr/bin/cc      CMakeFiles/cmTC_e16e1.dir/CheckSymbolExists.c.o  -o cmTC_e16e1 
CMakeFiles/cmTC_e16e1.dir/CheckSymbolExists.c.o: In function `main':
CheckSymbolExists.c:(.text+0x1b): undefined reference to `pthread_create'
collect2: error: ld returned 1 exit status
CMakeFiles/cmTC_e16e1.dir/build.make:97: recipe for target 'cmTC_e16e1' failed
make[1]: *** [cmTC_e16e1] Error 1
make[1]: Leaving directory '/home/gogo/rendu/cpp_spider/server/CMakeFiles/CMakeTmp'
Makefile:126: recipe for target 'cmTC_e16e1/fast' failed
make: *** [cmTC_e16e1/fast] Error 2

File /home/gogo/rendu/cpp_spider/server/CMakeFiles/CMakeTmp/CheckSymbolExists.c:
/* */
#include <pthread.h>

int main(int argc, char** argv)
{
  (void)argv;
#ifndef pthread_create
  return ((int*)(&pthread_create))[argc];
#else
  (void)argc;
  return 0;
#endif
}

Determining if the function pthread_create exists in the pthreads failed with the following output:
Change Dir: /home/gogo/rendu/cpp_spider/server/CMakeFiles/CMakeTmp

Run Build Command:"/usr/bin/make" "cmTC_37b7a/fast"
/usr/bin/make -f CMakeFiles/cmTC_37b7a.dir/build.make CMakeFiles/cmTC_37b7a.dir/build
make[1]: Entering directory '/home/gogo/rendu/cpp_spider/server/CMakeFiles/CMakeTmp'
Building C object CMakeFiles/cmTC_37b7a.dir/CheckFunctionExists.c.o
/usr/bin/cc   -DCHECK_FUNCTION_EXISTS=pthread_create   -o CMakeFiles/cmTC_37b7a.dir/CheckFunctionExists.c.o   -c /usr/local/share/cmake-3.9/Modules/CheckFunctionExists.c
Linking C executable cmTC_37b7a
/usr/local/bin/cmake -E cmake_link_script CMakeFiles/cmTC_37b7a.dir/link.txt --verbose=1
/usr/bin/cc  -DCHECK_FUNCTION_EXISTS=pthread_create    CMakeFiles/cmTC_37b7a.dir/CheckFunctionExists.c.o  -o cmTC_37b7a -lpthreads 
/usr/bin/ld: cannot find -lpthreads
collect2: error: ld returned 1 exit status
CMakeFiles/cmTC_37b7a.dir/build.make:97: recipe for target 'cmTC_37b7a' failed
make[1]: *** [cmTC_37b7a] Error 1
make[1]: Leaving directory '/home/gogo/rendu/cpp_spider/server/CMakeFiles/CMakeTmp'
Makefile:126: recipe for target 'cmTC_37b7a/fast' failed
make: *** [cmTC_37b7a/fast] Error 2


Determining if the pthread_create exist failed with the following output:
Change Dir: /home/gogo/rendu/cpp_spider/server/CMakeFiles/CMakeTmp

Run Build Command:"/usr/bin/make" "cmTC_fcef5/fast"
/usr/bin/make -f CMakeFiles/cmTC_fcef5.dir/build.make CMakeFiles/cmTC_fcef5.dir/build
make[1]: Entering directory '/home/gogo/rendu/cpp_spider/server/CMakeFiles/CMakeTmp'
Building C object CMakeFiles/cmTC_fcef5.dir/CheckSymbolExists.c.o
/usr/bin/cc    -o CMakeFiles/cmTC_fcef5.dir/CheckSymbolExists.c.o   -c /home/gogo/rendu/cpp_spider/server/CMakeFiles/CMakeTmp/CheckSymbolExists.c
Linking C executable cmTC_fcef5
/usr/local/bin/cmake -E cmake_link_script CMakeFiles/cmTC_fcef5.dir/link.txt --verbose=1
/usr/bin/cc      CMakeFiles/cmTC_fcef5.dir/CheckSymbolExists.c.o  -o cmTC_fcef5 
CMakeFiles/cmTC_fcef5.dir/CheckSymbolExists.c.o: In function `main':
CheckSymbolExists.c:(.text+0x1b): undefined reference to `pthread_create'
collect2: error: ld returned 1 exit status
CMakeFiles/cmTC_fcef5.dir/build.make:97: recipe for target 'cmTC_fcef5' failed
make[1]: *** [cmTC_fcef5] Error 1
make[1]: Leaving directory '/home/gogo/rendu/cpp_spider/server/CMakeFiles/CMakeTmp'
Makefile:126: recipe for target 'cmTC_fcef5/fast' failed
make: *** [cmTC_fcef5/fast] Error 2

File /home/gogo/rendu/cpp_spider/server/CMakeFiles/CMakeTmp/CheckSymbolExists.c:
/* */
#include <pthread.h>

int main(int argc, char** argv)
{
  (void)argv;
#ifndef pthread_create
  return ((int*)(&pthread_create))[argc];
#else
  (void)argc;
  return 0;
#endif
}

Determining if the function pthread_create exists in the pthreads failed with the following output:
Change Dir: /home/gogo/rendu/cpp_spider/server/CMakeFiles/CMakeTmp

Run Build Command:"/usr/bin/make" "cmTC_5226c/fast"
/usr/bin/make -f CMakeFiles/cmTC_5226c.dir/build.make CMakeFiles/cmTC_5226c.dir/build
make[1]: Entering directory '/home/gogo/rendu/cpp_spider/server/CMakeFiles/CMakeTmp'
Building C object CMakeFiles/cmTC_5226c.dir/CheckFunctionExists.c.o
/usr/bin/cc   -DCHECK_FUNCTION_EXISTS=pthread_create   -o CMakeFiles/cmTC_5226c.dir/CheckFunctionExists.c.o   -c /usr/local/share/cmake-3.9/Modules/CheckFunctionExists.c
Linking C executable cmTC_5226c
/usr/local/bin/cmake -E cmake_link_script CMakeFiles/cmTC_5226c.dir/link.txt --verbose=1
/usr/bin/cc  -DCHECK_FUNCTION_EXISTS=pthread_create    CMakeFiles/cmTC_5226c.dir/CheckFunctionExists.c.o  -o cmTC_5226c -lpthreads 
/usr/bin/ld: cannot find -lpthreads
collect2: error: ld returned 1 exit status
CMakeFiles/cmTC_5226c.dir/build.make:97: recipe for target 'cmTC_5226c' failed
make[1]: *** [cmTC_5226c] Error 1
make[1]: Leaving directory '/home/gogo/rendu/cpp_spider/server/CMakeFiles/CMakeTmp'
Makefile:126: recipe for target 'cmTC_5226c/fast' failed
make: *** [cmTC_5226c/fast] Error 2


Determining if the pthread_create exist failed with the following output:
Change Dir: /home/gogo/rendu/cpp_spider/server/CMakeFiles/CMakeTmp

Run Build Command:"/usr/bin/make" "cmTC_e394b/fast"
/usr/bin/make -f CMakeFiles/cmTC_e394b.dir/build.make CMakeFiles/cmTC_e394b.dir/build
make[1]: Entering directory '/home/gogo/rendu/cpp_spider/server/CMakeFiles/CMakeTmp'
Building C object CMakeFiles/cmTC_e394b.dir/CheckSymbolExists.c.o
/usr/bin/cc    -o CMakeFiles/cmTC_e394b.dir/CheckSymbolExists.c.o   -c /home/gogo/rendu/cpp_spider/server/CMakeFiles/CMakeTmp/CheckSymbolExists.c
Linking C executable cmTC_e394b
/usr/local/bin/cmake -E cmake_link_script CMakeFiles/cmTC_e394b.dir/link.txt --verbose=1
/usr/bin/cc      CMakeFiles/cmTC_e394b.dir/CheckSymbolExists.c.o  -o cmTC_e394b 
CMakeFiles/cmTC_e394b.dir/CheckSymbolExists.c.o: In function `main':
CheckSymbolExists.c:(.text+0x1b): undefined reference to `pthread_create'
collect2: error: ld returned 1 exit status
CMakeFiles/cmTC_e394b.dir/build.make:97: recipe for target 'cmTC_e394b' failed
make[1]: *** [cmTC_e394b] Error 1
make[1]: Leaving directory '/home/gogo/rendu/cpp_spider/server/CMakeFiles/CMakeTmp'
Makefile:126: recipe for target 'cmTC_e394b/fast' failed
make: *** [cmTC_e394b/fast] Error 2

File /home/gogo/rendu/cpp_spider/server/CMakeFiles/CMakeTmp/CheckSymbolExists.c:
/* */
#include <pthread.h>

int main(int argc, char** argv)
{
  (void)argv;
#ifndef pthread_create
  return ((int*)(&pthread_create))[argc];
#else
  (void)argc;
  return 0;
#endif
}

Determining if the function pthread_create exists in the pthreads failed with the following output:
Change Dir: /home/gogo/rendu/cpp_spider/server/CMakeFiles/CMakeTmp

Run Build Command:"/usr/bin/make" "cmTC_644c0/fast"
/usr/bin/make -f CMakeFiles/cmTC_644c0.dir/build.make CMakeFiles/cmTC_644c0.dir/build
make[1]: Entering directory '/home/gogo/rendu/cpp_spider/server/CMakeFiles/CMakeTmp'
Building C object CMakeFiles/cmTC_644c0.dir/CheckFunctionExists.c.o
/usr/bin/cc   -DCHECK_FUNCTION_EXISTS=pthread_create   -o CMakeFiles/cmTC_644c0.dir/CheckFunctionExists.c.o   -c /usr/local/share/cmake-3.9/Modules/CheckFunctionExists.c
Linking C executable cmTC_644c0
/usr/local/bin/cmake -E cmake_link_script CMakeFiles/cmTC_644c0.dir/link.txt --verbose=1
/usr/bin/cc  -DCHECK_FUNCTION_EXISTS=pthread_create    CMakeFiles/cmTC_644c0.dir/CheckFunctionExists.c.o  -o cmTC_644c0 -lpthreads 
/usr/bin/ld: cannot find -lpthreads
collect2: error: ld returned 1 exit status
CMakeFiles/cmTC_644c0.dir/build.make:97: recipe for target 'cmTC_644c0' failed
make[1]: *** [cmTC_644c0] Error 1
make[1]: Leaving directory '/home/gogo/rendu/cpp_spider/server/CMakeFiles/CMakeTmp'
Makefile:126: recipe for target 'cmTC_644c0/fast' failed
make: *** [cmTC_644c0/fast] Error 2


Determining if the pthread_create exist failed with the following output:
Change Dir: /home/gogo/lab/epitech/tek3/C++/cpp_spider/server/CMakeFiles/CMakeTmp

Run Build Command:"/usr/bin/make" "cmTC_ee889/fast"
/usr/bin/make -f CMakeFiles/cmTC_ee889.dir/build.make CMakeFiles/cmTC_ee889.dir/build
make[1]: Entering directory '/home/gogo/lab/epitech/tek3/C++/cpp_spider/server/CMakeFiles/CMakeTmp'
Building C object CMakeFiles/cmTC_ee889.dir/CheckSymbolExists.c.o
/usr/bin/cc    -o CMakeFiles/cmTC_ee889.dir/CheckSymbolExists.c.o   -c /home/gogo/lab/epitech/tek3/C++/cpp_spider/server/CMakeFiles/CMakeTmp/CheckSymbolExists.c
Linking C executable cmTC_ee889
/usr/local/bin/cmake -E cmake_link_script CMakeFiles/cmTC_ee889.dir/link.txt --verbose=1
/usr/bin/cc      CMakeFiles/cmTC_ee889.dir/CheckSymbolExists.c.o  -o cmTC_ee889 
CMakeFiles/cmTC_ee889.dir/CheckSymbolExists.c.o: In function `main':
CheckSymbolExists.c:(.text+0x1b): undefined reference to `pthread_create'
collect2: error: ld returned 1 exit status
CMakeFiles/cmTC_ee889.dir/build.make:97: recipe for target 'cmTC_ee889' failed
make[1]: *** [cmTC_ee889] Error 1
make[1]: Leaving directory '/home/gogo/lab/epitech/tek3/C++/cpp_spider/server/CMakeFiles/CMakeTmp'
Makefile:126: recipe for target 'cmTC_ee889/fast' failed
make: *** [cmTC_ee889/fast] Error 2

File /home/gogo/lab/epitech/tek3/C++/cpp_spider/server/CMakeFiles/CMakeTmp/CheckSymbolExists.c:
/* */
#include <pthread.h>

int main(int argc, char** argv)
{
  (void)argv;
#ifndef pthread_create
  return ((int*)(&pthread_create))[argc];
#else
  (void)argc;
  return 0;
#endif
}

Determining if the function pthread_create exists in the pthreads failed with the following output:
Change Dir: /home/gogo/lab/epitech/tek3/C++/cpp_spider/server/CMakeFiles/CMakeTmp

Run Build Command:"/usr/bin/make" "cmTC_87041/fast"
/usr/bin/make -f CMakeFiles/cmTC_87041.dir/build.make CMakeFiles/cmTC_87041.dir/build
make[1]: Entering directory '/home/gogo/lab/epitech/tek3/C++/cpp_spider/server/CMakeFiles/CMakeTmp'
Building C object CMakeFiles/cmTC_87041.dir/CheckFunctionExists.c.o
/usr/bin/cc   -DCHECK_FUNCTION_EXISTS=pthread_create   -o CMakeFiles/cmTC_87041.dir/CheckFunctionExists.c.o   -c /usr/local/share/cmake-3.9/Modules/CheckFunctionExists.c
Linking C executable cmTC_87041
/usr/local/bin/cmake -E cmake_link_script CMakeFiles/cmTC_87041.dir/link.txt --verbose=1
/usr/bin/cc  -DCHECK_FUNCTION_EXISTS=pthread_create    CMakeFiles/cmTC_87041.dir/CheckFunctionExists.c.o  -o cmTC_87041 -lpthreads 
/usr/bin/ld: cannot find -lpthreads
collect2: error: ld returned 1 exit status
CMakeFiles/cmTC_87041.dir/build.make:97: recipe for target 'cmTC_87041' failed
make[1]: *** [cmTC_87041] Error 1
make[1]: Leaving directory '/home/gogo/lab/epitech/tek3/C++/cpp_spider/server/CMakeFiles/CMakeTmp'
Makefile:126: recipe for target 'cmTC_87041/fast' failed
make: *** [cmTC_87041/fast] Error 2


